<?xml version="1.0" encoding="UTF-8"?>
<!-- Generated by org.testng.reporters.JUnitReportReporter -->
<testsuite hostname="DESKTOP-SHS5AF2" failures="0" tests="1" name="com.herokuapp.theinternet.PositiveTests" time="19.704" errors="0" timestamp="04 Ãºno 2019 16:18:45 GMT" skipped="0">
  <testcase classname="com.herokuapp.theinternet.PositiveTests" name="logInTest" time="19.704"/>
</testsuite> <!-- com.herokuapp.theinternet.PositiveTests -->
