<?xml version="1.0" encoding="UTF-8"?>
<!-- Generated by org.testng.reporters.JUnitReportReporter -->
<testsuite hostname="DESKTOP-SHS5AF2" failures="0" tests="1" name="com.herokuapp.theinternet.NegativeTests" time="23.528" errors="0" timestamp="05 Ãºno 2019 09:09:33 GMT" skipped="0">
  <testcase classname="com.herokuapp.theinternet.NegativeTests" name="incorrectUsernameTest" time="23.528"/>
</testsuite> <!-- com.herokuapp.theinternet.NegativeTests -->
