<?xml version="1.0" encoding="UTF-8"?>
<!-- Generated by org.testng.reporters.JUnitReportReporter -->
<testsuite hostname="DESKTOP-SHS5AF2" failures="0" tests="1" name="com.herokuapp.theinternet.NegativeTests" time="24.403" errors="0" timestamp="28 Jan. 2019 23:37:41 GMT" skipped="0">
  <testcase classname="com.herokuapp.theinternet.NegativeTests" name="incorrectUsernameTest" time="24.403"/>
</testsuite> <!-- com.herokuapp.theinternet.NegativeTests -->
